<?xml version="1.0" encoding="UTF-8"?>
<coverage generated="1664993913125" clover="3.2.0">
  <project timestamp="1664993913125" name="All files">
    <metrics statements="155" coveredstatements="152" conditionals="68" coveredconditionals="59" methods="52" coveredmethods="51" elements="275" coveredelements="262" complexity="0" loc="155" ncloc="155" packages="6" files="18" classes="18"/>
    <package name="src">
      <metrics statements="75" coveredstatements="72" conditionals="14" coveredconditionals="11" methods="19" coveredmethods="18"/>
      <file name="App.js" path="/Users/mattallen/Development/e-commerce-frontend/src/App.js">
        <metrics statements="30" coveredstatements="29" conditionals="6" coveredconditionals="4" methods="4" coveredmethods="4"/>
        <line num="22" count="25" type="stmt"/>
        <line num="23" count="25" type="stmt"/>
        <line num="26" count="25" type="stmt"/>
        <line num="29" count="25" type="stmt"/>
        <line num="30" count="5" type="stmt"/>
        <line num="31" count="5" type="cond" truecount="1" falsecount="1"/>
        <line num="34" count="5" type="stmt"/>
        <line num="35" count="5" type="stmt"/>
        <line num="36" count="4" type="stmt"/>
        <line num="37" count="4" type="stmt"/>
        <line num="38" count="4" type="stmt"/>
        <line num="41" count="5" type="stmt"/>
        <line num="45" count="25" type="stmt"/>
        <line num="48" count="25" type="stmt"/>
        <line num="49" count="8" type="stmt"/>
        <line num="50" count="8" type="stmt"/>
        <line num="55" count="8" type="cond" truecount="3" falsecount="1"/>
        <line num="57" count="5" type="stmt"/>
        <line num="58" count="5" type="stmt"/>
        <line num="59" count="5" type="stmt"/>
        <line num="61" count="2" type="stmt"/>
        <line num="62" count="2" type="stmt"/>
        <line num="63" count="2" type="stmt"/>
        <line num="65" count="1" type="stmt"/>
        <line num="66" count="1" type="stmt"/>
        <line num="67" count="1" type="stmt"/>
        <line num="68" count="0" type="stmt"/>
        <line num="71" count="8" type="stmt"/>
        <line num="72" count="8" type="stmt"/>
        <line num="75" count="25" type="stmt"/>
      </file>
      <file name="ErrorBoundary.js" path="/Users/mattallen/Development/e-commerce-frontend/src/ErrorBoundary.js">
        <metrics statements="7" coveredstatements="7" conditionals="2" coveredconditionals="2" methods="3" coveredmethods="3"/>
        <line num="14" count="2" type="stmt"/>
        <line num="15" count="1" type="stmt"/>
        <line num="19" count="1" type="stmt"/>
        <line num="20" count="1" type="stmt"/>
        <line num="24" count="2" type="cond" truecount="2" falsecount="0"/>
        <line num="25" count="1" type="stmt"/>
        <line num="40" count="1" type="stmt"/>
      </file>
      <file name="Functions.js" path="/Users/mattallen/Development/e-commerce-frontend/src/Functions.js">
        <metrics statements="6" coveredstatements="5" conditionals="0" coveredconditionals="0" methods="5" coveredmethods="4"/>
        <line num="2" count="1" type="stmt"/>
        <line num="4" count="4" type="stmt"/>
        <line num="12" count="4" type="stmt"/>
        <line num="13" count="4" type="stmt"/>
        <line num="14" count="0" type="stmt"/>
        <line num="15" count="4" type="stmt"/>
      </file>
      <file name="cartHelpers.js" path="/Users/mattallen/Development/e-commerce-frontend/src/cartHelpers.js">
        <metrics statements="28" coveredstatements="28" conditionals="6" coveredconditionals="5" methods="5" coveredmethods="5"/>
        <line num="2" count="1" type="stmt"/>
        <line num="3" count="8" type="stmt"/>
        <line num="4" count="4" type="cond" truecount="1" falsecount="1"/>
        <line num="5" count="4" type="stmt"/>
        <line num="8" count="4" type="stmt"/>
        <line num="12" count="8" type="stmt"/>
        <line num="15" count="1" type="stmt"/>
        <line num="17" count="5" type="cond" truecount="2" falsecount="0"/>
        <line num="18" count="1" type="stmt"/>
        <line num="19" count="1" type="stmt"/>
        <line num="20" count="1" type="stmt"/>
        <line num="21" count="1" type="stmt"/>
        <line num="24" count="4" type="stmt"/>
        <line num="31" count="4" type="stmt"/>
        <line num="32" count="4" type="stmt"/>
        <line num="34" count="5" type="stmt"/>
        <line num="38" count="1" type="stmt"/>
        <line num="40" count="2" type="stmt"/>
        <line num="41" count="2" type="stmt"/>
        <line num="42" count="2" type="stmt"/>
        <line num="43" count="2" type="stmt"/>
        <line num="46" count="2" type="cond" truecount="2" falsecount="0"/>
        <line num="48" count="2" type="stmt"/>
        <line num="52" count="1" type="stmt"/>
        <line num="54" count="1" type="stmt"/>
        <line num="55" count="1" type="stmt"/>
        <line num="56" count="1" type="stmt"/>
        <line num="58" count="1" type="stmt"/>
      </file>
      <file name="hooks.js" path="/Users/mattallen/Development/e-commerce-frontend/src/hooks.js">
        <metrics statements="3" coveredstatements="3" conditionals="0" coveredconditionals="0" methods="2" coveredmethods="2"/>
        <line num="3" count="1" type="stmt"/>
        <line num="4" count="25" type="stmt"/>
        <line num="6" count="25" type="stmt"/>
      </file>
      <file name="index.js" path="/Users/mattallen/Development/e-commerce-frontend/src/index.js">
        <metrics statements="1" coveredstatements="0" conditionals="0" coveredconditionals="0" methods="0" coveredmethods="0"/>
        <line num="8" count="0" type="stmt"/>
      </file>
    </package>
    <package name="src.Components">
      <metrics statements="3" coveredstatements="3" conditionals="2" coveredconditionals="2" methods="1" coveredmethods="1"/>
      <file name="Header.js" path="/Users/mattallen/Development/e-commerce-frontend/src/Components/Header.js">
        <metrics statements="3" coveredstatements="3" conditionals="2" coveredconditionals="2" methods="1" coveredmethods="1"/>
        <line num="17" count="1" type="stmt"/>
        <line num="20" count="25" type="stmt"/>
        <line num="31" count="25" type="stmt"/>
      </file>
    </package>
    <package name="src.Components.cart">
      <metrics statements="15" coveredstatements="15" conditionals="6" coveredconditionals="6" methods="7" coveredmethods="7"/>
      <file name="CartDrawer.js" path="/Users/mattallen/Development/e-commerce-frontend/src/Components/cart/CartDrawer.js">
        <metrics statements="10" coveredstatements="10" conditionals="6" coveredconditionals="6" methods="3" coveredmethods="3"/>
        <line num="22" count="2" type="stmt"/>
        <line num="31" count="36" type="stmt"/>
        <line num="34" count="36" type="stmt"/>
        <line num="35" count="36" type="stmt"/>
        <line num="38" count="36" type="stmt"/>
        <line num="39" count="1" type="stmt"/>
        <line num="40" count="1" type="stmt"/>
        <line num="44" count="36" type="stmt"/>
        <line num="45" count="18" type="stmt"/>
        <line num="48" count="36" type="stmt"/>
      </file>
      <file name="CartDrawerCard.js" path="/Users/mattallen/Development/e-commerce-frontend/src/Components/cart/CartDrawerCard.js">
        <metrics statements="5" coveredstatements="5" conditionals="0" coveredconditionals="0" methods="4" coveredmethods="4"/>
        <line num="12" count="3" type="stmt"/>
        <line num="13" count="48" type="stmt"/>
        <line num="47" count="6" type="stmt"/>
        <line num="57" count="2" type="stmt"/>
        <line num="63" count="4" type="stmt"/>
      </file>
    </package>
    <package name="src.Components.checkout">
      <metrics statements="43" coveredstatements="43" conditionals="43" coveredconditionals="37" methods="16" coveredmethods="16"/>
      <file name="CheckoutForm.js" path="/Users/mattallen/Development/e-commerce-frontend/src/Components/checkout/CheckoutForm.js">
        <metrics statements="4" coveredstatements="4" conditionals="32" coveredconditionals="28" methods="3" coveredmethods="3"/>
        <line num="20" count="2" type="stmt"/>
        <line num="26" count="37" type="stmt"/>
        <line num="140" count="42" type="stmt"/>
        <line num="172" count="42" type="stmt"/>
      </file>
      <file name="CheckoutModal.js" path="/Users/mattallen/Development/e-commerce-frontend/src/Components/checkout/CheckoutModal.js">
        <metrics statements="3" coveredstatements="3" conditionals="0" coveredconditionals="0" methods="1" coveredmethods="1"/>
        <line num="5" count="2" type="stmt"/>
        <line num="7" count="37" type="stmt"/>
        <line num="9" count="37" type="stmt"/>
      </file>
      <file name="CheckoutPage.js" path="/Users/mattallen/Development/e-commerce-frontend/src/Components/checkout/CheckoutPage.js">
        <metrics statements="17" coveredstatements="17" conditionals="2" coveredconditionals="1" methods="5" coveredmethods="5"/>
        <line num="15" count="2" type="stmt"/>
        <line num="18" count="37" type="stmt"/>
        <line num="19" count="37" type="stmt"/>
        <line num="26" count="37" type="stmt"/>
        <line num="27" count="37" type="stmt"/>
        <line num="33" count="37" type="stmt"/>
        <line num="36" count="37" type="stmt"/>
        <line num="39" count="2" type="stmt"/>
        <line num="46" count="2" type="stmt"/>
        <line num="47" count="2" type="stmt"/>
        <line num="48" count="2" type="stmt"/>
        <line num="60" count="2" type="stmt"/>
        <line num="64" count="37" type="stmt"/>
        <line num="65" count="1" type="stmt"/>
        <line num="66" count="1" type="stmt"/>
        <line num="67" count="1" type="stmt"/>
        <line num="70" count="37" type="stmt"/>
      </file>
      <file name="OrderReviewPane.js" path="/Users/mattallen/Development/e-commerce-frontend/src/Components/checkout/OrderReviewPane.js">
        <metrics statements="4" coveredstatements="4" conditionals="8" coveredconditionals="8" methods="3" coveredmethods="3"/>
        <line num="17" count="2" type="stmt"/>
        <line num="28" count="38" type="stmt"/>
        <line num="44" count="35" type="stmt"/>
        <line num="109" count="1" type="stmt"/>
      </file>
      <file name="testHelpers.js" path="/Users/mattallen/Development/e-commerce-frontend/src/Components/checkout/testHelpers.js">
        <metrics statements="15" coveredstatements="15" conditionals="1" coveredconditionals="0" methods="4" coveredmethods="4"/>
        <line num="5" count="1" type="stmt"/>
        <line num="6" count="5" type="stmt"/>
        <line num="20" count="1" type="cond" truecount="0" falsecount="1"/>
        <line num="21" count="14" type="stmt"/>
        <line num="30" count="1" type="stmt"/>
        <line num="31" count="3" type="stmt"/>
        <line num="43" count="1" type="stmt"/>
        <line num="44" count="2" type="stmt"/>
        <line num="45" count="2" type="stmt"/>
        <line num="46" count="2" type="stmt"/>
        <line num="47" count="2" type="stmt"/>
        <line num="48" count="2" type="stmt"/>
        <line num="49" count="2" type="stmt"/>
        <line num="50" count="2" type="stmt"/>
        <line num="51" count="2" type="stmt"/>
      </file>
    </package>
    <package name="src.Components.products">
      <metrics statements="15" coveredstatements="15" conditionals="0" coveredconditionals="0" methods="7" coveredmethods="7"/>
      <file name="ProductGrid.js" path="/Users/mattallen/Development/e-commerce-frontend/src/Components/products/ProductGrid.js">
        <metrics statements="11" coveredstatements="11" conditionals="0" coveredconditionals="0" methods="5" coveredmethods="5"/>
        <line num="15" count="2" type="stmt"/>
        <line num="17" count="35" type="stmt"/>
        <line num="20" count="35" type="stmt"/>
        <line num="23" count="35" type="stmt"/>
        <line num="24" count="2" type="stmt"/>
        <line num="25" count="2" type="stmt"/>
        <line num="29" count="35" type="stmt"/>
        <line num="30" count="25" type="stmt"/>
        <line num="49" count="6" type="stmt"/>
        <line num="56" count="2" type="stmt"/>
        <line num="64" count="35" type="stmt"/>
      </file>
      <file name="ProductModal.js" path="/Users/mattallen/Development/e-commerce-frontend/src/Components/products/ProductModal.js">
        <metrics statements="4" coveredstatements="4" conditionals="0" coveredconditionals="0" methods="2" coveredmethods="2"/>
        <line num="13" count="2" type="stmt"/>
        <line num="16" count="35" type="stmt"/>
        <line num="17" count="1" type="stmt"/>
        <line num="23" count="35" type="stmt"/>
      </file>
    </package>
    <package name="src.Components.reusable">
      <metrics statements="4" coveredstatements="4" conditionals="3" coveredconditionals="3" methods="2" coveredmethods="2"/>
      <file name="FormatAmount.js" path="/Users/mattallen/Development/e-commerce-frontend/src/Components/reusable/FormatAmount.js">
        <metrics statements="2" coveredstatements="2" conditionals="0" coveredconditionals="0" methods="1" coveredmethods="1"/>
        <line num="4" count="4" type="stmt"/>
        <line num="5" count="318" type="stmt"/>
      </file>
      <file name="Modal.js" path="/Users/mattallen/Development/e-commerce-frontend/src/Components/reusable/Modal.js">
        <metrics statements="2" coveredstatements="2" conditionals="3" coveredconditionals="3" methods="1" coveredmethods="1"/>
        <line num="12" count="3" type="stmt"/>
        <line num="21" count="72" type="stmt"/>
      </file>
    </package>
  </project>
</coverage>
