{"/Users/mattallen/Development/e-commerce-frontend/src/App.js": {"path":"/Users/mattallen/Development/e-commerce-frontend/src/App.js","statementMap":{"0":{"start":{"line":22,"column":33},"end":{"line":22,"column":45}},"1":{"start":{"line":23,"column":25},"end":{"line":23,"column":72}},"2":{"start":{"line":26,"column":16},"end":{"line":26,"column":33}},"3":{"start":{"line":29,"column":2},"end":{"line":42,"column":5}},"4":{"start":{"line":30,"column":17},"end":{"line":30,"column":57}},"5":{"start":{"line":31,"column":4},"end":{"line":31,"column":28}},"6":{"start":{"line":31,"column":14},"end":{"line":31,"column":28}},"7":{"start":{"line":34,"column":18},"end":{"line":34,"column":53}},"8":{"start":{"line":35,"column":19},"end":{"line":35,"column":35}},"9":{"start":{"line":36,"column":23},"end":{"line":36,"column":40}},"10":{"start":{"line":37,"column":23},"end":{"line":37,"column":43}},"11":{"start":{"line":38,"column":6},"end":{"line":38,"column":28}},"12":{"start":{"line":41,"column":4},"end":{"line":41,"column":18}},"13":{"start":{"line":45,"column":34},"end":{"line":45,"column":49}},"14":{"start":{"line":48,"column":21},"end":{"line":73,"column":3}},"15":{"start":{"line":49,"column":18},"end":{"line":49,"column":42}},"16":{"start":{"line":50,"column":18},"end":{"line":50,"column":33}},"17":{"start":{"line":55,"column":4},"end":{"line":69,"column":5}},"18":{"start":{"line":57,"column":8},"end":{"line":57,"column":49}},"19":{"start":{"line":58,"column":8},"end":{"line":58,"column":36}},"20":{"start":{"line":59,"column":8},"end":{"line":59,"column":14}},"21":{"start":{"line":61,"column":8},"end":{"line":61,"column":56}},"22":{"start":{"line":62,"column":8},"end":{"line":62,"column":38}},"23":{"start":{"line":63,"column":8},"end":{"line":63,"column":14}},"24":{"start":{"line":65,"column":8},"end":{"line":65,"column":54}},"25":{"start":{"line":66,"column":8},"end":{"line":66,"column":38}},"26":{"start":{"line":67,"column":8},"end":{"line":67,"column":14}},"27":{"start":{"line":68,"column":15},"end":{"line":68,"column":27}},"28":{"start":{"line":71,"column":4},"end":{"line":71,"column":21}},"29":{"start":{"line":72,"column":4},"end":{"line":72,"column":58}},"30":{"start":{"line":75,"column":2},"end":{"line":98,"column":4}}},"fnMap":{"0":{"name":"App","decl":{"start":{"line":19,"column":9},"end":{"line":19,"column":12}},"loc":{"start":{"line":19,"column":15},"end":{"line":99,"column":1}},"line":19},"1":{"name":"(anonymous_1)","decl":{"start":{"line":29,"column":13},"end":{"line":29,"column":14}},"loc":{"start":{"line":29,"column":18},"end":{"line":42,"column":1}},"line":29},"2":{"name":"getProducts","decl":{"start":{"line":33,"column":19},"end":{"line":33,"column":30}},"loc":{"start":{"line":33,"column":33},"end":{"line":39,"column":5}},"line":33},"3":{"name":"(anonymous_3)","decl":{"start":{"line":48,"column":21},"end":{"line":48,"column":22}},"loc":{"start":{"line":48,"column":41},"end":{"line":73,"column":3}},"line":48}},"branchMap":{"0":{"loc":{"start":{"line":31,"column":4},"end":{"line":31,"column":28}},"type":"if","locations":[{"start":{"line":31,"column":4},"end":{"line":31,"column":28}},{"start":{},"end":{}}],"line":31},"1":{"loc":{"start":{"line":55,"column":4},"end":{"line":69,"column":5}},"type":"switch","locations":[{"start":{"line":56,"column":6},"end":{"line":59,"column":14}},{"start":{"line":60,"column":6},"end":{"line":63,"column":14}},{"start":{"line":64,"column":6},"end":{"line":67,"column":14}},{"start":{"line":68,"column":6},"end":{"line":68,"column":27}}],"line":55}},"s":{"0":25,"1":25,"2":25,"3":25,"4":5,"5":5,"6":0,"7":5,"8":5,"9":4,"10":4,"11":4,"12":5,"13":25,"14":25,"15":8,"16":8,"17":8,"18":5,"19":5,"20":5,"21":2,"22":2,"23":2,"24":1,"25":1,"26":1,"27":0,"28":8,"29":8,"30":25},"f":{"0":25,"1":5,"2":5,"3":8},"b":{"0":[0,5],"1":[5,2,1,0]},"_coverageSchema":"1a1c01bbd47fc00a2c39e90264f33305004495a9","hash":"03c58806cff664008e70a0bc92006bce43ccb181"}
,"/Users/mattallen/Development/e-commerce-frontend/src/ErrorBoundary.js": {"path":"/Users/mattallen/Development/e-commerce-frontend/src/ErrorBoundary.js","statementMap":{"0":{"start":{"line":14,"column":4},"end":{"line":14,"column":17}},"1":{"start":{"line":15,"column":4},"end":{"line":15,"column":35}},"2":{"start":{"line":19,"column":6},"end":{"line":19,"column":24}},"3":{"start":{"line":20,"column":6},"end":{"line":20,"column":28}},"4":{"start":{"line":24,"column":4},"end":{"line":39,"column":5}},"5":{"start":{"line":25,"column":6},"end":{"line":38,"column":7}},"6":{"start":{"line":40,"column":4},"end":{"line":40,"column":30}}},"fnMap":{"0":{"name":"(anonymous_0)","decl":{"start":{"line":13,"column":2},"end":{"line":13,"column":3}},"loc":{"start":{"line":13,"column":21},"end":{"line":16,"column":3}},"line":13},"1":{"name":"(anonymous_1)","decl":{"start":{"line":18,"column":2},"end":{"line":18,"column":3}},"loc":{"start":{"line":18,"column":39},"end":{"line":21,"column":3}},"line":18},"2":{"name":"(anonymous_2)","decl":{"start":{"line":23,"column":2},"end":{"line":23,"column":3}},"loc":{"start":{"line":23,"column":11},"end":{"line":41,"column":3}},"line":23}},"branchMap":{"0":{"loc":{"start":{"line":24,"column":4},"end":{"line":39,"column":5}},"type":"if","locations":[{"start":{"line":24,"column":4},"end":{"line":39,"column":5}},{"start":{},"end":{}}],"line":24}},"s":{"0":2,"1":1,"2":1,"3":1,"4":2,"5":1,"6":1},"f":{"0":2,"1":1,"2":2},"b":{"0":[1,1]},"_coverageSchema":"1a1c01bbd47fc00a2c39e90264f33305004495a9","hash":"1c44b854617a688c778569910476150957cc7c76"}
,"/Users/mattallen/Development/e-commerce-frontend/src/Functions.js": {"path":"/Users/mattallen/Development/e-commerce-frontend/src/Functions.js","statementMap":{"0":{"start":{"line":2,"column":19},"end":{"line":16,"column":1}},"1":{"start":{"line":4,"column":25},"end":{"line":9,"column":7}},"2":{"start":{"line":4,"column":47},"end":{"line":9,"column":5}},"3":{"start":{"line":12,"column":4},"end":{"line":15,"column":30}},"4":{"start":{"line":13,"column":19},"end":{"line":13,"column":49}},"5":{"start":{"line":14,"column":20},"end":{"line":14,"column":35}},"6":{"start":{"line":15,"column":24},"end":{"line":15,"column":29}}},"fnMap":{"0":{"name":"(anonymous_0)","decl":{"start":{"line":2,"column":19},"end":{"line":2,"column":20}},"loc":{"start":{"line":2,"column":27},"end":{"line":16,"column":1}},"line":2},"1":{"name":"(anonymous_1)","decl":{"start":{"line":4,"column":35},"end":{"line":4,"column":36}},"loc":{"start":{"line":4,"column":47},"end":{"line":9,"column":5}},"line":4},"2":{"name":"(anonymous_2)","decl":{"start":{"line":13,"column":9},"end":{"line":13,"column":10}},"loc":{"start":{"line":13,"column":19},"end":{"line":13,"column":49}},"line":13},"3":{"name":"(anonymous_3)","decl":{"start":{"line":14,"column":10},"end":{"line":14,"column":11}},"loc":{"start":{"line":14,"column":20},"end":{"line":14,"column":35}},"line":14},"4":{"name":"(anonymous_4)","decl":{"start":{"line":15,"column":9},"end":{"line":15,"column":10}},"loc":{"start":{"line":15,"column":24},"end":{"line":15,"column":29}},"line":15}},"branchMap":{},"s":{"0":1,"1":4,"2":4,"3":4,"4":4,"5":0,"6":4},"f":{"0":4,"1":4,"2":4,"3":0,"4":4},"b":{},"_coverageSchema":"1a1c01bbd47fc00a2c39e90264f33305004495a9","hash":"c7ad98e290be22e041c0f7434a33c25a365d2794"}
,"/Users/mattallen/Development/e-commerce-frontend/src/cartHelpers.js": {"path":"/Users/mattallen/Development/e-commerce-frontend/src/cartHelpers.js","statementMap":{"0":{"start":{"line":2,"column":26},"end":{"line":9,"column":3}},"1":{"start":{"line":3,"column":4},"end":{"line":7,"column":5}},"2":{"start":{"line":3,"column":17},"end":{"line":3,"column":18}},"3":{"start":{"line":4,"column":6},"end":{"line":6,"column":7}},"4":{"start":{"line":5,"column":8},"end":{"line":5,"column":17}},"5":{"start":{"line":8,"column":4},"end":{"line":8,"column":16}},"6":{"start":{"line":12,"column":25},"end":{"line":12,"column":69}},"7":{"start":{"line":12,"column":35},"end":{"line":12,"column":69}},"8":{"start":{"line":15,"column":25},"end":{"line":35,"column":1}},"9":{"start":{"line":17,"column":1},"end":{"line":33,"column":2}},"10":{"start":{"line":18,"column":3},"end":{"line":18,"column":32}},"11":{"start":{"line":19,"column":3},"end":{"line":19,"column":19}},"12":{"start":{"line":20,"column":3},"end":{"line":20,"column":44}},"13":{"start":{"line":21,"column":3},"end":{"line":21,"column":34}},"14":{"start":{"line":24,"column":3},"end":{"line":30,"column":5}},"15":{"start":{"line":31,"column":3},"end":{"line":31,"column":34}},"16":{"start":{"line":32,"column":3},"end":{"line":32,"column":19}},"17":{"start":{"line":34,"column":1},"end":{"line":34,"column":13}},"18":{"start":{"line":38,"column":32},"end":{"line":49,"column":1}},"19":{"start":{"line":40,"column":1},"end":{"line":40,"column":30}},"20":{"start":{"line":41,"column":1},"end":{"line":41,"column":17}},"21":{"start":{"line":42,"column":1},"end":{"line":42,"column":32}},"22":{"start":{"line":43,"column":1},"end":{"line":43,"column":42}},"23":{"start":{"line":46,"column":1},"end":{"line":46,"column":66}},"24":{"start":{"line":46,"column":39},"end":{"line":46,"column":66}},"25":{"start":{"line":48,"column":1},"end":{"line":48,"column":12}},"26":{"start":{"line":52,"column":30},"end":{"line":59,"column":1}},"27":{"start":{"line":54,"column":1},"end":{"line":54,"column":35}},"28":{"start":{"line":55,"column":1},"end":{"line":55,"column":32}},"29":{"start":{"line":56,"column":1},"end":{"line":56,"column":28}},"30":{"start":{"line":58,"column":1},"end":{"line":58,"column":13}}},"fnMap":{"0":{"name":"(anonymous_0)","decl":{"start":{"line":2,"column":26},"end":{"line":2,"column":27}},"loc":{"start":{"line":2,"column":44},"end":{"line":9,"column":3}},"line":2},"1":{"name":"(anonymous_1)","decl":{"start":{"line":12,"column":25},"end":{"line":12,"column":26}},"loc":{"start":{"line":12,"column":35},"end":{"line":12,"column":69}},"line":12},"2":{"name":"(anonymous_2)","decl":{"start":{"line":15,"column":25},"end":{"line":15,"column":26}},"loc":{"start":{"line":15,"column":49},"end":{"line":35,"column":1}},"line":15},"3":{"name":"(anonymous_3)","decl":{"start":{"line":38,"column":32},"end":{"line":38,"column":33}},"loc":{"start":{"line":38,"column":56},"end":{"line":49,"column":1}},"line":38},"4":{"name":"(anonymous_4)","decl":{"start":{"line":52,"column":30},"end":{"line":52,"column":31}},"loc":{"start":{"line":52,"column":54},"end":{"line":59,"column":1}},"line":52}},"branchMap":{"0":{"loc":{"start":{"line":4,"column":6},"end":{"line":6,"column":7}},"type":"if","locations":[{"start":{"line":4,"column":6},"end":{"line":6,"column":7}},{"start":{},"end":{}}],"line":4},"1":{"loc":{"start":{"line":17,"column":1},"end":{"line":33,"column":2}},"type":"if","locations":[{"start":{"line":17,"column":1},"end":{"line":33,"column":2}},{"start":{"line":22,"column":8},"end":{"line":33,"column":2}}],"line":17},"2":{"loc":{"start":{"line":46,"column":1},"end":{"line":46,"column":66}},"type":"if","locations":[{"start":{"line":46,"column":1},"end":{"line":46,"column":66}},{"start":{},"end":{}}],"line":46}},"s":{"0":1,"1":8,"2":8,"3":4,"4":4,"5":4,"6":1,"7":8,"8":1,"9":5,"10":1,"11":1,"12":1,"13":1,"14":4,"15":4,"16":4,"17":5,"18":1,"19":2,"20":2,"21":2,"22":2,"23":2,"24":1,"25":2,"26":1,"27":1,"28":1,"29":1,"30":1},"f":{"0":8,"1":8,"2":5,"3":2,"4":1},"b":{"0":[4,0],"1":[1,4],"2":[1,1]},"_coverageSchema":"1a1c01bbd47fc00a2c39e90264f33305004495a9","hash":"7b33ffac432f30ffd572dbef60896dc313147c12"}
,"/Users/mattallen/Development/e-commerce-frontend/src/hooks.js": {"path":"/Users/mattallen/Development/e-commerce-frontend/src/hooks.js","statementMap":{"0":{"start":{"line":3,"column":31},"end":{"line":13,"column":1}},"1":{"start":{"line":4,"column":16},"end":{"line":4,"column":26}},"2":{"start":{"line":6,"column":4},"end":{"line":12,"column":6}},"3":{"start":{"line":6,"column":30},"end":{"line":12,"column":6}}},"fnMap":{"0":{"name":"(anonymous_0)","decl":{"start":{"line":3,"column":31},"end":{"line":3,"column":32}},"loc":{"start":{"line":3,"column":37},"end":{"line":13,"column":1}},"line":3},"1":{"name":"(anonymous_1)","decl":{"start":{"line":6,"column":11},"end":{"line":6,"column":12}},"loc":{"start":{"line":6,"column":30},"end":{"line":12,"column":6}},"line":6}},"branchMap":{},"s":{"0":1,"1":25,"2":25,"3":8},"f":{"0":25,"1":8},"b":{},"_coverageSchema":"1a1c01bbd47fc00a2c39e90264f33305004495a9","hash":"8b10ba089557ef9e9ecc265420352164b97161e0"}
,"/Users/mattallen/Development/e-commerce-frontend/src/index.js": {"path":"/Users/mattallen/Development/e-commerce-frontend/src/index.js","statementMap":{"0":{"start":{"line":8,"column":0},"end":{"line":19,"column":2}}},"fnMap":{},"branchMap":{},"s":{"0":0},"f":{},"b":{}}
,"/Users/mattallen/Development/e-commerce-frontend/src/Components/Header.js": {"path":"/Users/mattallen/Development/e-commerce-frontend/src/Components/Header.js","statementMap":{"0":{"start":{"line":17,"column":15},"end":{"line":94,"column":1}},"1":{"start":{"line":20,"column":4},"end":{"line":28,"column":25}},"2":{"start":{"line":31,"column":2},"end":{"line":93,"column":3}}},"fnMap":{"0":{"name":"(anonymous_0)","decl":{"start":{"line":17,"column":15},"end":{"line":17,"column":16}},"loc":{"start":{"line":17,"column":41},"end":{"line":94,"column":1}},"line":17}},"branchMap":{"0":{"loc":{"start":{"line":87,"column":12},"end":{"line":87,"column":42}},"type":"cond-expr","locations":[{"start":{"line":87,"column":25},"end":{"line":87,"column":35}},{"start":{"line":87,"column":38},"end":{"line":87,"column":42}}],"line":87}},"s":{"0":1,"1":25,"2":25},"f":{"0":25},"b":{"0":[9,16]},"_coverageSchema":"1a1c01bbd47fc00a2c39e90264f33305004495a9","hash":"dd2cb8832605ec96789d1c2452635a32a490719a"}
,"/Users/mattallen/Development/e-commerce-frontend/src/Components/cart/CartDrawer.js": {"path":"/Users/mattallen/Development/e-commerce-frontend/src/Components/cart/CartDrawer.js","statementMap":{"0":{"start":{"line":22,"column":19},"end":{"line":106,"column":1}},"1":{"start":{"line":31,"column":21},"end":{"line":31,"column":29}},"2":{"start":{"line":34,"column":19},"end":{"line":34,"column":32}},"3":{"start":{"line":35,"column":19},"end":{"line":35,"column":32}},"4":{"start":{"line":38,"column":28},"end":{"line":41,"column":3}},"5":{"start":{"line":39,"column":4},"end":{"line":39,"column":41}},"6":{"start":{"line":40,"column":4},"end":{"line":40,"column":13}},"7":{"start":{"line":44,"column":26},"end":{"line":46,"column":3}},"8":{"start":{"line":45,"column":4},"end":{"line":45,"column":66}},"9":{"start":{"line":48,"column":2},"end":{"line":105,"column":3}}},"fnMap":{"0":{"name":"(anonymous_0)","decl":{"start":{"line":22,"column":19},"end":{"line":22,"column":20}},"loc":{"start":{"line":28,"column":6},"end":{"line":106,"column":1}},"line":28},"1":{"name":"(anonymous_1)","decl":{"start":{"line":38,"column":28},"end":{"line":38,"column":29}},"loc":{"start":{"line":38,"column":34},"end":{"line":41,"column":3}},"line":38},"2":{"name":"(anonymous_2)","decl":{"start":{"line":44,"column":42},"end":{"line":44,"column":43}},"loc":{"start":{"line":45,"column":4},"end":{"line":45,"column":66}},"line":45}},"branchMap":{"0":{"loc":{"start":{"line":65,"column":26},"end":{"line":65,"column":53}},"type":"cond-expr","locations":[{"start":{"line":65,"column":43},"end":{"line":65,"column":47}},{"start":{"line":65,"column":50},"end":{"line":65,"column":53}}],"line":65},"1":{"loc":{"start":{"line":94,"column":24},"end":{"line":94,"column":109}},"type":"cond-expr","locations":[{"start":{"line":94,"column":97},"end":{"line":94,"column":102}},{"start":{"line":94,"column":105},"end":{"line":94,"column":109}}],"line":94},"2":{"loc":{"start":{"line":94,"column":24},"end":{"line":94,"column":93}},"type":"binary-expr","locations":[{"start":{"line":94,"column":24},"end":{"line":94,"column":41}},{"start":{"line":94,"column":45},"end":{"line":94,"column":93}}],"line":94}},"s":{"0":2,"1":36,"2":36,"3":36,"4":36,"5":1,"6":1,"7":36,"8":18,"9":36},"f":{"0":36,"1":1,"2":18},"b":{"0":[14,22],"1":[8,28],"2":[36,9]},"_coverageSchema":"1a1c01bbd47fc00a2c39e90264f33305004495a9","hash":"0e312bea102c4b3dd4fd81d62c983584466a3351"}
,"/Users/mattallen/Development/e-commerce-frontend/src/Components/cart/CartDrawerCard.js": {"path":"/Users/mattallen/Development/e-commerce-frontend/src/Components/cart/CartDrawerCard.js","statementMap":{"0":{"start":{"line":12,"column":23},"end":{"line":71,"column":1}},"1":{"start":{"line":13,"column":4},"end":{"line":70,"column":13}},"2":{"start":{"line":47,"column":38},"end":{"line":47,"column":65}},"3":{"start":{"line":57,"column":38},"end":{"line":57,"column":60}},"4":{"start":{"line":63,"column":35},"end":{"line":63,"column":60}}},"fnMap":{"0":{"name":"(anonymous_0)","decl":{"start":{"line":12,"column":23},"end":{"line":12,"column":24}},"loc":{"start":{"line":13,"column":4},"end":{"line":70,"column":13}},"line":13},"1":{"name":"(anonymous_1)","decl":{"start":{"line":47,"column":33},"end":{"line":47,"column":34}},"loc":{"start":{"line":47,"column":38},"end":{"line":47,"column":65}},"line":47},"2":{"name":"(anonymous_2)","decl":{"start":{"line":57,"column":33},"end":{"line":57,"column":34}},"loc":{"start":{"line":57,"column":38},"end":{"line":57,"column":60}},"line":57},"3":{"name":"(anonymous_3)","decl":{"start":{"line":63,"column":30},"end":{"line":63,"column":31}},"loc":{"start":{"line":63,"column":35},"end":{"line":63,"column":60}},"line":63}},"branchMap":{},"s":{"0":3,"1":48,"2":6,"3":2,"4":4},"f":{"0":48,"1":6,"2":2,"3":4},"b":{},"_coverageSchema":"1a1c01bbd47fc00a2c39e90264f33305004495a9","hash":"caa64eb236fc3515b9d7b3dca78f54a50a059fae"}
,"/Users/mattallen/Development/e-commerce-frontend/src/Components/checkout/CheckoutForm.js": {"path":"/Users/mattallen/Development/e-commerce-frontend/src/Components/checkout/CheckoutForm.js","statementMap":{"0":{"start":{"line":20,"column":21},"end":{"line":223,"column":1}},"1":{"start":{"line":26,"column":4},"end":{"line":221,"column":10}},"2":{"start":{"line":140,"column":12},"end":{"line":153,"column":15}},"3":{"start":{"line":172,"column":14},"end":{"line":185,"column":17}}},"fnMap":{"0":{"name":"(anonymous_0)","decl":{"start":{"line":20,"column":21},"end":{"line":20,"column":22}},"loc":{"start":{"line":26,"column":4},"end":{"line":221,"column":10}},"line":26},"1":{"name":"(anonymous_1)","decl":{"start":{"line":139,"column":19},"end":{"line":139,"column":20}},"loc":{"start":{"line":140,"column":12},"end":{"line":153,"column":15}},"line":140},"2":{"name":"(anonymous_2)","decl":{"start":{"line":171,"column":21},"end":{"line":171,"column":22}},"loc":{"start":{"line":172,"column":14},"end":{"line":185,"column":17}},"line":172}},"branchMap":{"0":{"loc":{"start":{"line":42,"column":7},"end":{"line":42,"column":52}},"type":"cond-expr","locations":[{"start":{"line":42,"column":29},"end":{"line":42,"column":33}},{"start":{"line":42,"column":36},"end":{"line":42,"column":52}}],"line":42},"1":{"loc":{"start":{"line":43,"column":25},"end":{"line":43,"column":75}},"type":"binary-expr","locations":[{"start":{"line":43,"column":25},"end":{"line":43,"column":44}},{"start":{"line":43,"column":48},"end":{"line":43,"column":75}}],"line":43},"2":{"loc":{"start":{"line":55,"column":9},"end":{"line":55,"column":57}},"type":"cond-expr","locations":[{"start":{"line":55,"column":34},"end":{"line":55,"column":38}},{"start":{"line":55,"column":41},"end":{"line":55,"column":57}}],"line":55},"3":{"loc":{"start":{"line":56,"column":27},"end":{"line":56,"column":83}},"type":"binary-expr","locations":[{"start":{"line":56,"column":27},"end":{"line":56,"column":49}},{"start":{"line":56,"column":53},"end":{"line":56,"column":83}}],"line":56},"4":{"loc":{"start":{"line":69,"column":11},"end":{"line":69,"column":56}},"type":"cond-expr","locations":[{"start":{"line":69,"column":33},"end":{"line":69,"column":37}},{"start":{"line":69,"column":40},"end":{"line":69,"column":56}}],"line":69},"5":{"loc":{"start":{"line":70,"column":29},"end":{"line":70,"column":79}},"type":"binary-expr","locations":[{"start":{"line":70,"column":29},"end":{"line":70,"column":48}},{"start":{"line":70,"column":52},"end":{"line":70,"column":79}}],"line":70},"6":{"loc":{"start":{"line":82,"column":11},"end":{"line":82,"column":57}},"type":"cond-expr","locations":[{"start":{"line":82,"column":34},"end":{"line":82,"column":38}},{"start":{"line":82,"column":41},"end":{"line":82,"column":57}}],"line":82},"7":{"loc":{"start":{"line":83,"column":29},"end":{"line":83,"column":81}},"type":"binary-expr","locations":[{"start":{"line":83,"column":29},"end":{"line":83,"column":49}},{"start":{"line":83,"column":53},"end":{"line":83,"column":81}}],"line":83},"8":{"loc":{"start":{"line":132,"column":9},"end":{"line":132,"column":51}},"type":"cond-expr","locations":[{"start":{"line":132,"column":28},"end":{"line":132,"column":32}},{"start":{"line":132,"column":35},"end":{"line":132,"column":51}}],"line":132},"9":{"loc":{"start":{"line":133,"column":27},"end":{"line":133,"column":71}},"type":"binary-expr","locations":[{"start":{"line":133,"column":27},"end":{"line":133,"column":43}},{"start":{"line":133,"column":47},"end":{"line":133,"column":71}}],"line":133},"10":{"loc":{"start":{"line":151,"column":15},"end":{"line":151,"column":55}},"type":"cond-expr","locations":[{"start":{"line":151,"column":32},"end":{"line":151,"column":36}},{"start":{"line":151,"column":39},"end":{"line":151,"column":55}}],"line":151},"11":{"loc":{"start":{"line":152,"column":33},"end":{"line":152,"column":73}},"type":"binary-expr","locations":[{"start":{"line":152,"column":33},"end":{"line":152,"column":47}},{"start":{"line":152,"column":51},"end":{"line":152,"column":73}}],"line":152},"12":{"loc":{"start":{"line":183,"column":17},"end":{"line":183,"column":59}},"type":"cond-expr","locations":[{"start":{"line":183,"column":36},"end":{"line":183,"column":40}},{"start":{"line":183,"column":43},"end":{"line":183,"column":59}}],"line":183},"13":{"loc":{"start":{"line":184,"column":35},"end":{"line":184,"column":81}},"type":"binary-expr","locations":[{"start":{"line":184,"column":35},"end":{"line":184,"column":52}},{"start":{"line":184,"column":56},"end":{"line":184,"column":81}}],"line":184},"14":{"loc":{"start":{"line":216,"column":9},"end":{"line":216,"column":54}},"type":"cond-expr","locations":[{"start":{"line":216,"column":31},"end":{"line":216,"column":35}},{"start":{"line":216,"column":38},"end":{"line":216,"column":54}}],"line":216},"15":{"loc":{"start":{"line":217,"column":27},"end":{"line":217,"column":77}},"type":"binary-expr","locations":[{"start":{"line":217,"column":27},"end":{"line":217,"column":46}},{"start":{"line":217,"column":50},"end":{"line":217,"column":77}}],"line":217}},"s":{"0":2,"1":37,"2":42,"3":42},"f":{"0":37,"1":42,"2":42},"b":{"0":[1,36],"1":[37,1],"2":[1,36],"3":[37,1],"4":[1,36],"5":[37,1],"6":[1,36],"7":[37,1],"8":[1,36],"9":[37,1],"10":[0,42],"11":[42,0],"12":[0,42],"13":[42,0],"14":[1,36],"15":[37,1]},"_coverageSchema":"1a1c01bbd47fc00a2c39e90264f33305004495a9","hash":"465cded1c2dbc2ccef975a806e9b3fea3bf7db6e"}
,"/Users/mattallen/Development/e-commerce-frontend/src/Components/checkout/CheckoutModal.js": {"path":"/Users/mattallen/Development/e-commerce-frontend/src/Components/checkout/CheckoutModal.js","statementMap":{"0":{"start":{"line":5,"column":22},"end":{"line":23,"column":1}},"1":{"start":{"line":7,"column":20},"end":{"line":7,"column":81}},"2":{"start":{"line":9,"column":2},"end":{"line":22,"column":3}}},"fnMap":{"0":{"name":"(anonymous_0)","decl":{"start":{"line":5,"column":22},"end":{"line":5,"column":23}},"loc":{"start":{"line":5,"column":54},"end":{"line":23,"column":1}},"line":5}},"branchMap":{},"s":{"0":2,"1":37,"2":37},"f":{"0":37},"b":{},"_coverageSchema":"1a1c01bbd47fc00a2c39e90264f33305004495a9","hash":"8ee0e3a80916fb88ab5c11432fb9db9d50450ec1"}
,"/Users/mattallen/Development/e-commerce-frontend/src/Components/checkout/CheckoutPage.js": {"path":"/Users/mattallen/Development/e-commerce-frontend/src/Components/checkout/CheckoutPage.js","statementMap":{"0":{"start":{"line":15,"column":21},"end":{"line":103,"column":1}},"1":{"start":{"line":18,"column":34},"end":{"line":18,"column":46}},"2":{"start":{"line":19,"column":35},"end":{"line":23,"column":4}},"3":{"start":{"line":26,"column":19},"end":{"line":26,"column":32}},"4":{"start":{"line":27,"column":34},"end":{"line":27,"column":49}},"5":{"start":{"line":33,"column":6},"end":{"line":33,"column":15}},"6":{"start":{"line":36,"column":19},"end":{"line":61,"column":3}},"7":{"start":{"line":39,"column":4},"end":{"line":43,"column":7}},"8":{"start":{"line":46,"column":4},"end":{"line":50,"column":7}},"9":{"start":{"line":47,"column":6},"end":{"line":49,"column":15}},"10":{"start":{"line":48,"column":10},"end":{"line":48,"column":20}},"11":{"start":{"line":60,"column":4},"end":{"line":60,"column":13}},"12":{"start":{"line":64,"column":20},"end":{"line":68,"column":3}},"13":{"start":{"line":65,"column":4},"end":{"line":65,"column":51}},"14":{"start":{"line":66,"column":4},"end":{"line":66,"column":36}},"15":{"start":{"line":67,"column":4},"end":{"line":67,"column":32}},"16":{"start":{"line":70,"column":2},"end":{"line":102,"column":3}}},"fnMap":{"0":{"name":"(anonymous_0)","decl":{"start":{"line":15,"column":21},"end":{"line":15,"column":22}},"loc":{"start":{"line":15,"column":52},"end":{"line":103,"column":1}},"line":15},"1":{"name":"(anonymous_1)","decl":{"start":{"line":36,"column":19},"end":{"line":36,"column":20}},"loc":{"start":{"line":36,"column":33},"end":{"line":61,"column":3}},"line":36},"2":{"name":"(anonymous_2)","decl":{"start":{"line":46,"column":22},"end":{"line":46,"column":23}},"loc":{"start":{"line":46,"column":33},"end":{"line":50,"column":5}},"line":46},"3":{"name":"(anonymous_3)","decl":{"start":{"line":47,"column":17},"end":{"line":47,"column":18}},"loc":{"start":{"line":47,"column":23},"end":{"line":49,"column":7}},"line":47},"4":{"name":"(anonymous_4)","decl":{"start":{"line":64,"column":20},"end":{"line":64,"column":21}},"loc":{"start":{"line":64,"column":26},"end":{"line":68,"column":3}},"line":64}},"branchMap":{"0":{"loc":{"start":{"line":41,"column":16},"end":{"line":41,"column":60}},"type":"cond-expr","locations":[{"start":{"line":41,"column":36},"end":{"line":41,"column":46}},{"start":{"line":41,"column":49},"end":{"line":41,"column":60}}],"line":41}},"s":{"0":2,"1":37,"2":37,"3":37,"4":37,"5":37,"6":37,"7":2,"8":2,"9":2,"10":2,"11":2,"12":37,"13":1,"14":1,"15":1,"16":37},"f":{"0":37,"1":2,"2":2,"3":2,"4":1},"b":{"0":[0,2]},"_coverageSchema":"1a1c01bbd47fc00a2c39e90264f33305004495a9","hash":"44bf17a88e94f9f8a85c1465a05cbbe25906e7a3"}
,"/Users/mattallen/Development/e-commerce-frontend/src/Components/checkout/OrderReviewPane.js": {"path":"/Users/mattallen/Development/e-commerce-frontend/src/Components/checkout/OrderReviewPane.js","statementMap":{"0":{"start":{"line":17,"column":24},"end":{"line":113,"column":1}},"1":{"start":{"line":28,"column":4},"end":{"line":112,"column":13}},"2":{"start":{"line":44,"column":37},"end":{"line":44,"column":99}},"3":{"start":{"line":109,"column":31},"end":{"line":109,"column":76}}},"fnMap":{"0":{"name":"(anonymous_0)","decl":{"start":{"line":17,"column":24},"end":{"line":17,"column":25}},"loc":{"start":{"line":28,"column":4},"end":{"line":112,"column":13}},"line":28},"1":{"name":"(anonymous_1)","decl":{"start":{"line":44,"column":25},"end":{"line":44,"column":26}},"loc":{"start":{"line":44,"column":37},"end":{"line":44,"column":99}},"line":44},"2":{"name":"(anonymous_2)","decl":{"start":{"line":109,"column":26},"end":{"line":109,"column":27}},"loc":{"start":{"line":109,"column":31},"end":{"line":109,"column":76}},"line":109}},"branchMap":{"0":{"loc":{"start":{"line":58,"column":40},"end":{"line":58,"column":76}},"type":"cond-expr","locations":[{"start":{"line":58,"column":60},"end":{"line":58,"column":72}},{"start":{"line":58,"column":75},"end":{"line":58,"column":76}}],"line":58},"1":{"loc":{"start":{"line":63,"column":40},"end":{"line":63,"column":94}},"type":"cond-expr","locations":[{"start":{"line":63,"column":60},"end":{"line":63,"column":91}},{"start":{"line":63,"column":93},"end":{"line":63,"column":94}}],"line":63},"2":{"loc":{"start":{"line":73,"column":24},"end":{"line":73,"column":120}},"type":"cond-expr","locations":[{"start":{"line":73,"column":44},"end":{"line":73,"column":116}},{"start":{"line":73,"column":119},"end":{"line":73,"column":120}}],"line":73},"3":{"loc":{"start":{"line":83,"column":29},"end":{"line":83,"column":61}},"type":"cond-expr","locations":[{"start":{"line":83,"column":49},"end":{"line":83,"column":54}},{"start":{"line":83,"column":57},"end":{"line":83,"column":61}}],"line":83}},"s":{"0":2,"1":38,"2":35,"3":1},"f":{"0":38,"1":35,"2":1},"b":{"0":[35,3],"1":[35,3],"2":[35,3],"3":[35,3]},"_coverageSchema":"1a1c01bbd47fc00a2c39e90264f33305004495a9","hash":"5edb3ceb6e8627be29dbf9ff235757c952bf0de4"}
,"/Users/mattallen/Development/e-commerce-frontend/src/Components/checkout/testHelpers.js": {"path":"/Users/mattallen/Development/e-commerce-frontend/src/Components/checkout/testHelpers.js","statementMap":{"0":{"start":{"line":5,"column":26},"end":{"line":18,"column":1}},"1":{"start":{"line":6,"column":4},"end":{"line":17,"column":5}},"2":{"start":{"line":20,"column":26},"end":{"line":28,"column":1}},"3":{"start":{"line":21,"column":4},"end":{"line":27,"column":13}},"4":{"start":{"line":30,"column":25},"end":{"line":41,"column":1}},"5":{"start":{"line":31,"column":4},"end":{"line":40,"column":5}},"6":{"start":{"line":43,"column":27},"end":{"line":52,"column":1}},"7":{"start":{"line":44,"column":4},"end":{"line":44,"column":54}},"8":{"start":{"line":45,"column":4},"end":{"line":45,"column":63}},"9":{"start":{"line":46,"column":4},"end":{"line":46,"column":52}},"10":{"start":{"line":47,"column":4},"end":{"line":47,"column":48}},"11":{"start":{"line":48,"column":4},"end":{"line":48,"column":51}},"12":{"start":{"line":49,"column":4},"end":{"line":49,"column":57}},"13":{"start":{"line":50,"column":4},"end":{"line":50,"column":46}},"14":{"start":{"line":51,"column":4},"end":{"line":51,"column":46}}},"fnMap":{"0":{"name":"(anonymous_0)","decl":{"start":{"line":5,"column":26},"end":{"line":5,"column":27}},"loc":{"start":{"line":6,"column":4},"end":{"line":17,"column":5}},"line":6},"1":{"name":"(anonymous_1)","decl":{"start":{"line":20,"column":26},"end":{"line":20,"column":27}},"loc":{"start":{"line":21,"column":4},"end":{"line":27,"column":13}},"line":21},"2":{"name":"(anonymous_2)","decl":{"start":{"line":30,"column":25},"end":{"line":30,"column":26}},"loc":{"start":{"line":31,"column":4},"end":{"line":40,"column":5}},"line":31},"3":{"name":"(anonymous_3)","decl":{"start":{"line":43,"column":27},"end":{"line":43,"column":28}},"loc":{"start":{"line":43,"column":49},"end":{"line":52,"column":1}},"line":43}},"branchMap":{"0":{"loc":{"start":{"line":20,"column":38},"end":{"line":20,"column":47}},"type":"default-arg","locations":[{"start":{"line":20,"column":45},"end":{"line":20,"column":47}}],"line":20}},"s":{"0":1,"1":5,"2":1,"3":14,"4":1,"5":3,"6":1,"7":2,"8":2,"9":2,"10":2,"11":2,"12":2,"13":2,"14":2},"f":{"0":5,"1":14,"2":3,"3":2},"b":{"0":[0]},"_coverageSchema":"1a1c01bbd47fc00a2c39e90264f33305004495a9","hash":"1f44177bf18f72a73397f51716433bf5deb9d354"}
,"/Users/mattallen/Development/e-commerce-frontend/src/Components/products/ProductGrid.js": {"path":"/Users/mattallen/Development/e-commerce-frontend/src/Components/products/ProductGrid.js","statementMap":{"0":{"start":{"line":15,"column":20},"end":{"line":82,"column":1}},"1":{"start":{"line":17,"column":41},"end":{"line":17,"column":88}},"2":{"start":{"line":20,"column":34},"end":{"line":20,"column":49}},"3":{"start":{"line":23,"column":20},"end":{"line":26,"column":3}},"4":{"start":{"line":24,"column":4},"end":{"line":24,"column":28}},"5":{"start":{"line":25,"column":4},"end":{"line":25,"column":12}},"6":{"start":{"line":29,"column":25},"end":{"line":62,"column":4}},"7":{"start":{"line":30,"column":4},"end":{"line":61,"column":5}},"8":{"start":{"line":49,"column":25},"end":{"line":49,"column":50}},"9":{"start":{"line":56,"column":25},"end":{"line":56,"column":43}},"10":{"start":{"line":64,"column":2},"end":{"line":81,"column":3}}},"fnMap":{"0":{"name":"(anonymous_0)","decl":{"start":{"line":15,"column":20},"end":{"line":15,"column":21}},"loc":{"start":{"line":15,"column":47},"end":{"line":82,"column":1}},"line":15},"1":{"name":"(anonymous_1)","decl":{"start":{"line":23,"column":20},"end":{"line":23,"column":21}},"loc":{"start":{"line":23,"column":31},"end":{"line":26,"column":3}},"line":23},"2":{"name":"(anonymous_2)","decl":{"start":{"line":29,"column":39},"end":{"line":29,"column":40}},"loc":{"start":{"line":29,"column":54},"end":{"line":62,"column":3}},"line":29},"3":{"name":"(anonymous_3)","decl":{"start":{"line":49,"column":20},"end":{"line":49,"column":21}},"loc":{"start":{"line":49,"column":25},"end":{"line":49,"column":50}},"line":49},"4":{"name":"(anonymous_4)","decl":{"start":{"line":56,"column":20},"end":{"line":56,"column":21}},"loc":{"start":{"line":56,"column":25},"end":{"line":56,"column":43}},"line":56}},"branchMap":{},"s":{"0":2,"1":35,"2":35,"3":35,"4":2,"5":2,"6":35,"7":25,"8":6,"9":2,"10":35},"f":{"0":35,"1":2,"2":25,"3":6,"4":2},"b":{},"_coverageSchema":"1a1c01bbd47fc00a2c39e90264f33305004495a9","hash":"c7f7b1a194e3c94fc46464a4704d8112ebfd378c"}
,"/Users/mattallen/Development/e-commerce-frontend/src/Components/products/ProductModal.js": {"path":"/Users/mattallen/Development/e-commerce-frontend/src/Components/products/ProductModal.js","statementMap":{"0":{"start":{"line":13,"column":21},"end":{"line":47,"column":1}},"1":{"start":{"line":16,"column":4},"end":{"line":21,"column":25}},"2":{"start":{"line":17,"column":22},"end":{"line":17,"column":47}},"3":{"start":{"line":23,"column":2},"end":{"line":46,"column":3}}},"fnMap":{"0":{"name":"(anonymous_0)","decl":{"start":{"line":13,"column":21},"end":{"line":13,"column":22}},"loc":{"start":{"line":13,"column":62},"end":{"line":47,"column":1}},"line":13},"1":{"name":"(anonymous_1)","decl":{"start":{"line":17,"column":16},"end":{"line":17,"column":17}},"loc":{"start":{"line":17,"column":22},"end":{"line":17,"column":47}},"line":17}},"branchMap":{},"s":{"0":2,"1":35,"2":1,"3":35},"f":{"0":35,"1":1},"b":{},"_coverageSchema":"1a1c01bbd47fc00a2c39e90264f33305004495a9","hash":"b8b1486419ff47efe1d168b01d9a9ec7bacbd641"}
,"/Users/mattallen/Development/e-commerce-frontend/src/Components/reusable/FormatAmount.js": {"path":"/Users/mattallen/Development/e-commerce-frontend/src/Components/reusable/FormatAmount.js","statementMap":{"0":{"start":{"line":4,"column":23},"end":{"line":8,"column":1}},"1":{"start":{"line":5,"column":4},"end":{"line":7,"column":11}}},"fnMap":{"0":{"name":"(anonymous_0)","decl":{"start":{"line":4,"column":23},"end":{"line":4,"column":24}},"loc":{"start":{"line":5,"column":4},"end":{"line":7,"column":11}},"line":5}},"branchMap":{},"s":{"0":4,"1":318},"f":{"0":318},"b":{},"_coverageSchema":"1a1c01bbd47fc00a2c39e90264f33305004495a9","hash":"f53ebbdcd1bc0aff7d4e6d92915a7664b3e1cb09"}
,"/Users/mattallen/Development/e-commerce-frontend/src/Components/reusable/Modal.js": {"path":"/Users/mattallen/Development/e-commerce-frontend/src/Components/reusable/Modal.js","statementMap":{"0":{"start":{"line":12,"column":21},"end":{"line":40,"column":1}},"1":{"start":{"line":21,"column":2},"end":{"line":39,"column":3}}},"fnMap":{"0":{"name":"(anonymous_0)","decl":{"start":{"line":12,"column":21},"end":{"line":12,"column":22}},"loc":{"start":{"line":20,"column":6},"end":{"line":40,"column":1}},"line":20}},"branchMap":{"0":{"loc":{"start":{"line":19,"column":2},"end":{"line":19,"column":19}},"type":"default-arg","locations":[{"start":{"line":19,"column":14},"end":{"line":19,"column":19}}],"line":19},"1":{"loc":{"start":{"line":27,"column":13},"end":{"line":27,"column":53}},"type":"cond-expr","locations":[{"start":{"line":27,"column":26},"end":{"line":27,"column":46}},{"start":{"line":27,"column":49},"end":{"line":27,"column":53}}],"line":27}},"s":{"0":3,"1":72},"f":{"0":72},"b":{"0":[35],"1":[35,37]},"_coverageSchema":"1a1c01bbd47fc00a2c39e90264f33305004495a9","hash":"83531ece22706447a4328b8e624d00277ab79d1c"}
}
