TN:
SF:src/App.js
FN:19,App
FN:29,(anonymous_1)
FN:33,getProducts
FN:48,(anonymous_3)
FNF:4
FNH:4
FNDA:25,App
FNDA:5,(anonymous_1)
FNDA:5,getProducts
FNDA:8,(anonymous_3)
DA:22,25
DA:23,25
DA:26,25
DA:29,25
DA:30,5
DA:31,5
DA:34,5
DA:35,5
DA:36,4
DA:37,4
DA:38,4
DA:41,5
DA:45,25
DA:48,25
DA:49,8
DA:50,8
DA:55,8
DA:57,5
DA:58,5
DA:59,5
DA:61,2
DA:62,2
DA:63,2
DA:65,1
DA:66,1
DA:67,1
DA:68,0
DA:71,8
DA:72,8
DA:75,25
LF:30
LH:29
BRDA:31,0,0,0
BRDA:31,0,1,5
BRDA:55,1,0,5
BRDA:55,1,1,2
BRDA:55,1,2,1
BRDA:55,1,3,0
BRF:6
BRH:4
end_of_record
TN:
SF:src/ErrorBoundary.js
FN:13,(anonymous_0)
FN:18,(anonymous_1)
FN:23,(anonymous_2)
FNF:3
FNH:3
FNDA:2,(anonymous_0)
FNDA:1,(anonymous_1)
FNDA:2,(anonymous_2)
DA:14,2
DA:15,1
DA:19,1
DA:20,1
DA:24,2
DA:25,1
DA:40,1
LF:7
LH:7
BRDA:24,0,0,1
BRDA:24,0,1,1
BRF:2
BRH:2
end_of_record
TN:
SF:src/Functions.js
FN:2,(anonymous_0)
FN:4,(anonymous_1)
FN:13,(anonymous_2)
FN:14,(anonymous_3)
FN:15,(anonymous_4)
FNF:5
FNH:4
FNDA:4,(anonymous_0)
FNDA:4,(anonymous_1)
FNDA:4,(anonymous_2)
FNDA:0,(anonymous_3)
FNDA:4,(anonymous_4)
DA:2,1
DA:4,4
DA:12,4
DA:13,4
DA:14,0
DA:15,4
LF:6
LH:5
BRF:0
BRH:0
end_of_record
TN:
SF:src/cartHelpers.js
FN:2,(anonymous_0)
FN:12,(anonymous_1)
FN:15,(anonymous_2)
FN:38,(anonymous_3)
FN:52,(anonymous_4)
FNF:5
FNH:5
FNDA:8,(anonymous_0)
FNDA:8,(anonymous_1)
FNDA:5,(anonymous_2)
FNDA:2,(anonymous_3)
FNDA:1,(anonymous_4)
DA:2,1
DA:3,8
DA:4,4
DA:5,4
DA:8,4
DA:12,8
DA:15,1
DA:17,5
DA:18,1
DA:19,1
DA:20,1
DA:21,1
DA:24,4
DA:31,4
DA:32,4
DA:34,5
DA:38,1
DA:40,2
DA:41,2
DA:42,2
DA:43,2
DA:46,2
DA:48,2
DA:52,1
DA:54,1
DA:55,1
DA:56,1
DA:58,1
LF:28
LH:28
BRDA:4,0,0,4
BRDA:4,0,1,0
BRDA:17,1,0,1
BRDA:17,1,1,4
BRDA:46,2,0,1
BRDA:46,2,1,1
BRF:6
BRH:5
end_of_record
TN:
SF:src/hooks.js
FN:3,(anonymous_0)
FN:6,(anonymous_1)
FNF:2
FNH:2
FNDA:25,(anonymous_0)
FNDA:8,(anonymous_1)
DA:3,1
DA:4,25
DA:6,25
LF:3
LH:3
BRF:0
BRH:0
end_of_record
TN:
SF:src/index.js
FNF:0
FNH:0
DA:8,0
LF:1
LH:0
BRF:0
BRH:0
end_of_record
TN:
SF:src/Components/Header.js
FN:17,(anonymous_0)
FNF:1
FNH:1
FNDA:25,(anonymous_0)
DA:17,1
DA:20,25
DA:31,25
LF:3
LH:3
BRDA:87,0,0,9
BRDA:87,0,1,16
BRF:2
BRH:2
end_of_record
TN:
SF:src/Components/cart/CartDrawer.js
FN:22,(anonymous_0)
FN:38,(anonymous_1)
FN:44,(anonymous_2)
FNF:3
FNH:3
FNDA:36,(anonymous_0)
FNDA:1,(anonymous_1)
FNDA:18,(anonymous_2)
DA:22,2
DA:31,36
DA:34,36
DA:35,36
DA:38,36
DA:39,1
DA:40,1
DA:44,36
DA:45,18
DA:48,36
LF:10
LH:10
BRDA:65,0,0,14
BRDA:65,0,1,22
BRDA:94,1,0,8
BRDA:94,1,1,28
BRDA:94,2,0,36
BRDA:94,2,1,9
BRF:6
BRH:6
end_of_record
TN:
SF:src/Components/cart/CartDrawerCard.js
FN:12,(anonymous_0)
FN:47,(anonymous_1)
FN:57,(anonymous_2)
FN:63,(anonymous_3)
FNF:4
FNH:4
FNDA:48,(anonymous_0)
FNDA:6,(anonymous_1)
FNDA:2,(anonymous_2)
FNDA:4,(anonymous_3)
DA:12,3
DA:13,48
DA:47,6
DA:57,2
DA:63,4
LF:5
LH:5
BRF:0
BRH:0
end_of_record
TN:
SF:src/Components/checkout/CheckoutForm.js
FN:20,(anonymous_0)
FN:139,(anonymous_1)
FN:171,(anonymous_2)
FNF:3
FNH:3
FNDA:37,(anonymous_0)
FNDA:42,(anonymous_1)
FNDA:42,(anonymous_2)
DA:20,2
DA:26,37
DA:140,42
DA:172,42
LF:4
LH:4
BRDA:42,0,0,1
BRDA:42,0,1,36
BRDA:43,1,0,37
BRDA:43,1,1,1
BRDA:55,2,0,1
BRDA:55,2,1,36
BRDA:56,3,0,37
BRDA:56,3,1,1
BRDA:69,4,0,1
BRDA:69,4,1,36
BRDA:70,5,0,37
BRDA:70,5,1,1
BRDA:82,6,0,1
BRDA:82,6,1,36
BRDA:83,7,0,37
BRDA:83,7,1,1
BRDA:132,8,0,1
BRDA:132,8,1,36
BRDA:133,9,0,37
BRDA:133,9,1,1
BRDA:151,10,0,0
BRDA:151,10,1,42
BRDA:152,11,0,42
BRDA:152,11,1,0
BRDA:183,12,0,0
BRDA:183,12,1,42
BRDA:184,13,0,42
BRDA:184,13,1,0
BRDA:216,14,0,1
BRDA:216,14,1,36
BRDA:217,15,0,37
BRDA:217,15,1,1
BRF:32
BRH:28
end_of_record
TN:
SF:src/Components/checkout/CheckoutModal.js
FN:5,(anonymous_0)
FNF:1
FNH:1
FNDA:37,(anonymous_0)
DA:5,2
DA:7,37
DA:9,37
LF:3
LH:3
BRF:0
BRH:0
end_of_record
TN:
SF:src/Components/checkout/CheckoutPage.js
FN:15,(anonymous_0)
FN:36,(anonymous_1)
FN:46,(anonymous_2)
FN:47,(anonymous_3)
FN:64,(anonymous_4)
FNF:5
FNH:5
FNDA:37,(anonymous_0)
FNDA:2,(anonymous_1)
FNDA:2,(anonymous_2)
FNDA:2,(anonymous_3)
FNDA:1,(anonymous_4)
DA:15,2
DA:18,37
DA:19,37
DA:26,37
DA:27,37
DA:33,37
DA:36,37
DA:39,2
DA:46,2
DA:47,2
DA:48,2
DA:60,2
DA:64,37
DA:65,1
DA:66,1
DA:67,1
DA:70,37
LF:17
LH:17
BRDA:41,0,0,0
BRDA:41,0,1,2
BRF:2
BRH:1
end_of_record
TN:
SF:src/Components/checkout/OrderReviewPane.js
FN:17,(anonymous_0)
FN:44,(anonymous_1)
FN:109,(anonymous_2)
FNF:3
FNH:3
FNDA:38,(anonymous_0)
FNDA:35,(anonymous_1)
FNDA:1,(anonymous_2)
DA:17,2
DA:28,38
DA:44,35
DA:109,1
LF:4
LH:4
BRDA:58,0,0,35
BRDA:58,0,1,3
BRDA:63,1,0,35
BRDA:63,1,1,3
BRDA:73,2,0,35
BRDA:73,2,1,3
BRDA:83,3,0,35
BRDA:83,3,1,3
BRF:8
BRH:8
end_of_record
TN:
SF:src/Components/checkout/testHelpers.js
FN:5,(anonymous_0)
FN:20,(anonymous_1)
FN:30,(anonymous_2)
FN:43,(anonymous_3)
FNF:4
FNH:4
FNDA:5,(anonymous_0)
FNDA:14,(anonymous_1)
FNDA:3,(anonymous_2)
FNDA:2,(anonymous_3)
DA:5,1
DA:6,5
DA:20,1
DA:21,14
DA:30,1
DA:31,3
DA:43,1
DA:44,2
DA:45,2
DA:46,2
DA:47,2
DA:48,2
DA:49,2
DA:50,2
DA:51,2
LF:15
LH:15
BRDA:20,0,0,0
BRF:1
BRH:0
end_of_record
TN:
SF:src/Components/products/ProductGrid.js
FN:15,(anonymous_0)
FN:23,(anonymous_1)
FN:29,(anonymous_2)
FN:49,(anonymous_3)
FN:56,(anonymous_4)
FNF:5
FNH:5
FNDA:35,(anonymous_0)
FNDA:2,(anonymous_1)
FNDA:25,(anonymous_2)
FNDA:6,(anonymous_3)
FNDA:2,(anonymous_4)
DA:15,2
DA:17,35
DA:20,35
DA:23,35
DA:24,2
DA:25,2
DA:29,35
DA:30,25
DA:49,6
DA:56,2
DA:64,35
LF:11
LH:11
BRF:0
BRH:0
end_of_record
TN:
SF:src/Components/products/ProductModal.js
FN:13,(anonymous_0)
FN:17,(anonymous_1)
FNF:2
FNH:2
FNDA:35,(anonymous_0)
FNDA:1,(anonymous_1)
DA:13,2
DA:16,35
DA:17,1
DA:23,35
LF:4
LH:4
BRF:0
BRH:0
end_of_record
TN:
SF:src/Components/reusable/FormatAmount.js
FN:4,(anonymous_0)
FNF:1
FNH:1
FNDA:318,(anonymous_0)
DA:4,4
DA:5,318
LF:2
LH:2
BRF:0
BRH:0
end_of_record
TN:
SF:src/Components/reusable/Modal.js
FN:12,(anonymous_0)
FNF:1
FNH:1
FNDA:72,(anonymous_0)
DA:12,3
DA:21,72
LF:2
LH:2
BRDA:19,0,0,35
BRDA:27,1,0,35
BRDA:27,1,1,37
BRF:3
BRH:3
end_of_record
